<?xml version="1.0" encoding="UTF-8"?>
<testng-results skipped="0" failed="0" ignored="0" total="1" passed="1">
  <reporter-output>
  </reporter-output>
  <suite name="Default suite" duration-ms="6943" started-at="2023-04-19T00:20:01 EDT" finished-at="2023-04-19T00:20:08 EDT">
    <groups>
    </groups>
    <test name="Default test" duration-ms="6943" started-at="2023-04-19T00:20:01 EDT" finished-at="2023-04-19T00:20:08 EDT">
      <class name="com.swaglabs.tests.LoginPageTest">
        <test-method status="PASS" signature="setup()[pri:0, instance:com.swaglabs.tests.LoginPageTest@33723e30]" name="setup" is-config="true" duration-ms="5240" started-at="2023-04-19T00:20:01 EDT" finished-at="2023-04-19T00:20:06 EDT">
          <reporter-output>
          </reporter-output>
        </test-method> <!-- setup -->
        <test-method status="PASS" signature="verifyLoginTest()[pri:0, instance:com.swaglabs.tests.LoginPageTest@33723e30]" name="verifyLoginTest" duration-ms="1373" started-at="2023-04-19T00:20:06 EDT" finished-at="2023-04-19T00:20:07 EDT">
          <reporter-output>
          </reporter-output>
        </test-method> <!-- verifyLoginTest -->
        <test-method status="PASS" signature="tearDown()[pri:0, instance:com.swaglabs.tests.LoginPageTest@33723e30]" name="tearDown" is-config="true" duration-ms="282" started-at="2023-04-19T00:20:07 EDT" finished-at="2023-04-19T00:20:08 EDT">
          <reporter-output>
          </reporter-output>
        </test-method> <!-- tearDown -->
      </class> <!-- com.swaglabs.tests.LoginPageTest -->
    </test> <!-- Default test -->
  </suite> <!-- Default suite -->
</testng-results>
